<?xml version="1.0" encoding="UTF-8"?>
<testng-results ignored="0" total="1" passed="1" failed="0" skipped="0">
  <reporter-output>
  </reporter-output>
  <suite started-at="2023-07-12T10:41:21 IST" name="Default suite" finished-at="2023-07-12T10:41:21 IST" duration-ms="111">
    <groups>
    </groups>
    <test started-at="2023-07-12T10:41:21 IST" name="Default test" finished-at="2023-07-12T10:41:21 IST" duration-ms="111">
      <class name="Folder1.Samp1">
        <test-method signature="m1()[pri:0, instance:Folder1.Samp1@37d4349f]" started-at="2023-07-12T10:41:21 IST" name="m1" finished-at="2023-07-12T10:41:21 IST" duration-ms="29" status="PASS">
          <reporter-output>
          </reporter-output>
        </test-method> <!-- m1 -->
      </class> <!-- Folder1.Samp1 -->
    </test> <!-- Default test -->
  </suite> <!-- Default suite -->
</testng-results>
